[2016-05-31 15:38:34.639] [INFO] pomelo - [32m[/home/asheryuan/git-repo/otron/game-server/node_modules/pomelo/lib/application.js] [39mapplication inited: "user-server-1"
[2016-05-31 15:38:35.696] [INFO] pomelo-admin - [32m[/home/asheryuan/git-repo/otron/game-server/node_modules/pomelo/node_modules/pomelo-admin/lib/consoleService.js] [39mtry to connect master: "user", "127.0.0.1", 3005
[2016-05-31 15:38:35.844] [INFO] pomelo - [32m[/home/asheryuan/git-repo/otron/game-server/node_modules/pomelo/lib/application.js] [39m"user-server-1" enter after start...
[2016-05-31 15:38:35.856] [INFO] pomelo - [32m[/home/asheryuan/git-repo/otron/game-server/node_modules/pomelo/lib/application.js] [39m"user-server-1" finish start
[2016-05-31 15:38:35.857] [INFO] pomelo - [32m[/home/asheryuan/git-repo/otron/game-server/node_modules/pomelo/lib/application.js] [39m"user-server-1" startup in 1088 ms
[2016-05-31 15:38:48.043] [INFO] pomelo - [32m[/home/asheryuan/git-repo/otron/game-server/node_modules/pomelo/lib/application.js] [39mapplication inited: "user-server-1"
[2016-05-31 15:38:48.948] [INFO] pomelo-admin - [32m[/home/asheryuan/git-repo/otron/game-server/node_modules/pomelo/node_modules/pomelo-admin/lib/consoleService.js] [39mtry to connect master: "user", "127.0.0.1", 3005
[2016-05-31 15:38:49.099] [INFO] pomelo - [32m[/home/asheryuan/git-repo/otron/game-server/node_modules/pomelo/lib/application.js] [39m"user-server-1" enter after start...
[2016-05-31 15:38:49.106] [INFO] pomelo - [32m[/home/asheryuan/git-repo/otron/game-server/node_modules/pomelo/lib/application.js] [39m"user-server-1" finish start
[2016-05-31 15:38:49.108] [INFO] pomelo - [32m[/home/asheryuan/git-repo/otron/game-server/node_modules/pomelo/lib/application.js] [39m"user-server-1" startup in 948 ms
[2016-05-31 15:43:37.846] [INFO] pomelo - [32m[/home/asheryuan/git-repo/otron/game-server/node_modules/pomelo/lib/application.js] [39mapplication inited: "user-server-1"
[2016-05-31 15:43:38.664] [INFO] pomelo-admin - [32m[/home/asheryuan/git-repo/otron/game-server/node_modules/pomelo/node_modules/pomelo-admin/lib/consoleService.js] [39mtry to connect master: "user", "127.0.0.1", 3005
[2016-05-31 15:43:38.855] [INFO] pomelo - [32m[/home/asheryuan/git-repo/otron/game-server/node_modules/pomelo/lib/application.js] [39m"user-server-1" enter after start...
[2016-05-31 15:43:38.866] [INFO] pomelo - [32m[/home/asheryuan/git-repo/otron/game-server/node_modules/pomelo/lib/application.js] [39m"user-server-1" finish start
[2016-05-31 15:43:38.867] [INFO] pomelo - [32m[/home/asheryuan/git-repo/otron/game-server/node_modules/pomelo/lib/application.js] [39m"user-server-1" startup in 868 ms
[2016-05-31 15:48:45.717] [INFO] pomelo - [32m[/home/asheryuan/git-repo/otron/game-server/node_modules/pomelo/lib/application.js] [39mapplication inited: "user-server-1"
[2016-05-31 15:48:46.596] [INFO] pomelo-admin - [32m[/home/asheryuan/git-repo/otron/game-server/node_modules/pomelo/node_modules/pomelo-admin/lib/consoleService.js] [39mtry to connect master: "user", "127.0.0.1", 3005
[2016-05-31 15:48:46.757] [INFO] pomelo - [32m[/home/asheryuan/git-repo/otron/game-server/node_modules/pomelo/lib/application.js] [39m"user-server-1" enter after start...
[2016-05-31 15:48:46.770] [INFO] pomelo - [32m[/home/asheryuan/git-repo/otron/game-server/node_modules/pomelo/lib/application.js] [39m"user-server-1" finish start
[2016-05-31 15:48:46.770] [INFO] pomelo - [32m[/home/asheryuan/git-repo/otron/game-server/node_modules/pomelo/lib/application.js] [39m"user-server-1" startup in 883 ms
[2016-05-31 15:49:10.354] [INFO] pomelo - [32m[/home/asheryuan/git-repo/otron/game-server/node_modules/pomelo/lib/application.js] [39mapplication inited: "user-server-1"
[2016-05-31 15:49:11.263] [INFO] pomelo-admin - [32m[/home/asheryuan/git-repo/otron/game-server/node_modules/pomelo/node_modules/pomelo-admin/lib/consoleService.js] [39mtry to connect master: "user", "127.0.0.1", 3005
[2016-05-31 15:49:11.416] [INFO] pomelo - [32m[/home/asheryuan/git-repo/otron/game-server/node_modules/pomelo/lib/application.js] [39m"user-server-1" enter after start...
[2016-05-31 15:49:11.419] [INFO] pomelo - [32m[/home/asheryuan/git-repo/otron/game-server/node_modules/pomelo/lib/application.js] [39m"user-server-1" finish start
[2016-05-31 15:49:11.419] [INFO] pomelo - [32m[/home/asheryuan/git-repo/otron/game-server/node_modules/pomelo/lib/application.js] [39m"user-server-1" startup in 902 ms
[2016-05-31 15:51:19.177] [INFO] pomelo - [32m[/home/asheryuan/git-repo/otron/game-server/node_modules/pomelo/lib/application.js] [39mapplication inited: "user-server-1"
[2016-05-31 15:51:20.032] [INFO] pomelo-admin - [32m[/home/asheryuan/git-repo/otron/game-server/node_modules/pomelo/node_modules/pomelo-admin/lib/consoleService.js] [39mtry to connect master: "user", "127.0.0.1", 3005
[2016-05-31 15:51:20.239] [INFO] pomelo - [32m[/home/asheryuan/git-repo/otron/game-server/node_modules/pomelo/lib/application.js] [39m"user-server-1" enter after start...
[2016-05-31 15:51:20.243] [INFO] pomelo - [32m[/home/asheryuan/git-repo/otron/game-server/node_modules/pomelo/lib/application.js] [39m"user-server-1" finish start
[2016-05-31 15:51:20.247] [INFO] pomelo - [32m[/home/asheryuan/git-repo/otron/game-server/node_modules/pomelo/lib/application.js] [39m"user-server-1" startup in 926 ms
[2016-05-31 15:57:27.381] [INFO] pomelo - [32m[/home/asheryuan/git-repo/otron/game-server/node_modules/pomelo/lib/application.js] [39mapplication inited: "user-server-1"
[2016-05-31 15:58:45.705] [INFO] pomelo - [32m[/home/asheryuan/git-repo/otron/game-server/node_modules/pomelo/lib/application.js] [39mapplication inited: "user-server-1"
[2016-05-31 15:59:19.600] [INFO] pomelo - [32m[/home/asheryuan/git-repo/otron/game-server/node_modules/pomelo/lib/application.js] [39mapplication inited: "user-server-1"
[2016-05-31 15:59:20.452] [INFO] pomelo-admin - [32m[/home/asheryuan/git-repo/otron/game-server/node_modules/pomelo/node_modules/pomelo-admin/lib/consoleService.js] [39mtry to connect master: "user", "127.0.0.1", 3005
[2016-05-31 15:59:20.570] [INFO] pomelo - [32m[/home/asheryuan/git-repo/otron/game-server/node_modules/pomelo/lib/application.js] [39m"user-server-1" enter after start...
[2016-05-31 15:59:20.574] [INFO] pomelo - [32m[/home/asheryuan/git-repo/otron/game-server/node_modules/pomelo/lib/application.js] [39m"user-server-1" finish start
[2016-05-31 15:59:20.578] [INFO] pomelo - [32m[/home/asheryuan/git-repo/otron/game-server/node_modules/pomelo/lib/application.js] [39m"user-server-1" startup in 820 ms
[2016-05-31 15:59:23.226] [WARN] pomelo - [33m[/home/asheryuan/git-repo/otron/game-server/node_modules/pomelo/lib/common/service/handlerService.js] [39mcould not find the method entry in handler: entryHandler
[2016-05-31 15:59:23.226] [ERROR] pomelo - [31m[/home/asheryuan/git-repo/otron/game-server/node_modules/pomelo/lib/common/service/handlerService.js] [39m[handleManager]: fail to find handler for "user.entryHandler.entry"
[2016-05-31 16:00:35.607] [INFO] pomelo - [32m[/home/asheryuan/git-repo/otron/game-server/node_modules/pomelo/lib/application.js] [39mapplication inited: "user-server-1"
[2016-05-31 16:00:36.554] [INFO] pomelo-admin - [32m[/home/asheryuan/git-repo/otron/game-server/node_modules/pomelo/node_modules/pomelo-admin/lib/consoleService.js] [39mtry to connect master: "user", "127.0.0.1", 3005
[2016-05-31 16:00:36.741] [INFO] pomelo - [32m[/home/asheryuan/git-repo/otron/game-server/node_modules/pomelo/lib/application.js] [39m"user-server-1" enter after start...
[2016-05-31 16:00:36.746] [INFO] pomelo - [32m[/home/asheryuan/git-repo/otron/game-server/node_modules/pomelo/lib/application.js] [39m"user-server-1" finish start
[2016-05-31 16:00:36.751] [INFO] pomelo - [32m[/home/asheryuan/git-repo/otron/game-server/node_modules/pomelo/lib/application.js] [39m"user-server-1" startup in 944 ms
[2016-05-31 16:40:58.974] [INFO] pomelo - [32m[/home/asheryuan/git-repo/otron/game-server/node_modules/pomelo/lib/application.js] [39mapplication inited: "user-server-1"
[2016-05-31 16:40:59.777] [INFO] pomelo-admin - [32m[/home/asheryuan/git-repo/otron/game-server/node_modules/pomelo/node_modules/pomelo-admin/lib/consoleService.js] [39mtry to connect master: "user", "127.0.0.1", 3005
[2016-05-31 16:40:59.901] [INFO] pomelo - [32m[/home/asheryuan/git-repo/otron/game-server/node_modules/pomelo/lib/application.js] [39m"user-server-1" enter after start...
[2016-05-31 16:40:59.908] [INFO] pomelo - [32m[/home/asheryuan/git-repo/otron/game-server/node_modules/pomelo/lib/application.js] [39m"user-server-1" finish start
[2016-05-31 16:40:59.908] [INFO] pomelo - [32m[/home/asheryuan/git-repo/otron/game-server/node_modules/pomelo/lib/application.js] [39m"user-server-1" startup in 797 ms
[2016-05-31 16:44:15.930] [INFO] pomelo - [32m[/home/asheryuan/git-repo/otron/game-server/node_modules/pomelo/lib/application.js] [39mapplication inited: "user-server-1"
[2016-05-31 16:44:16.795] [INFO] pomelo-admin - [32m[/home/asheryuan/git-repo/otron/game-server/node_modules/pomelo/node_modules/pomelo-admin/lib/consoleService.js] [39mtry to connect master: "user", "127.0.0.1", 3005
[2016-05-31 16:44:16.957] [INFO] pomelo - [32m[/home/asheryuan/git-repo/otron/game-server/node_modules/pomelo/lib/application.js] [39m"user-server-1" enter after start...
[2016-05-31 16:44:16.962] [INFO] pomelo - [32m[/home/asheryuan/git-repo/otron/game-server/node_modules/pomelo/lib/application.js] [39m"user-server-1" finish start
[2016-05-31 16:44:16.963] [INFO] pomelo - [32m[/home/asheryuan/git-repo/otron/game-server/node_modules/pomelo/lib/application.js] [39m"user-server-1" startup in 851 ms
[2016-05-31 16:45:43.100] [INFO] pomelo - [32m[/home/asheryuan/git-repo/otron/game-server/node_modules/pomelo/lib/application.js] [39mapplication inited: "user-server-1"
[2016-05-31 16:45:43.850] [INFO] pomelo-admin - [32m[/home/asheryuan/git-repo/otron/game-server/node_modules/pomelo/node_modules/pomelo-admin/lib/consoleService.js] [39mtry to connect master: "user", "127.0.0.1", 3005
[2016-05-31 16:45:43.983] [INFO] pomelo - [32m[/home/asheryuan/git-repo/otron/game-server/node_modules/pomelo/lib/application.js] [39m"user-server-1" enter after start...
[2016-05-31 16:45:43.986] [INFO] pomelo - [32m[/home/asheryuan/git-repo/otron/game-server/node_modules/pomelo/lib/application.js] [39m"user-server-1" finish start
[2016-05-31 16:45:43.987] [INFO] pomelo - [32m[/home/asheryuan/git-repo/otron/game-server/node_modules/pomelo/lib/application.js] [39m"user-server-1" startup in 749 ms
[2016-05-31 16:50:03.266] [INFO] pomelo - [32m[/home/asheryuan/git-repo/otron/game-server/node_modules/pomelo/lib/application.js] [39mapplication inited: "user-server-1"
[2016-05-31 16:50:04.095] [INFO] pomelo-admin - [32m[/home/asheryuan/git-repo/otron/game-server/node_modules/pomelo/node_modules/pomelo-admin/lib/consoleService.js] [39mtry to connect master: "user", "127.0.0.1", 3005
[2016-05-31 16:50:04.278] [INFO] pomelo - [32m[/home/asheryuan/git-repo/otron/game-server/node_modules/pomelo/lib/application.js] [39m"user-server-1" enter after start...
[2016-05-31 16:50:04.290] [INFO] pomelo - [32m[/home/asheryuan/git-repo/otron/game-server/node_modules/pomelo/lib/application.js] [39m"user-server-1" finish start
[2016-05-31 16:50:04.290] [INFO] pomelo - [32m[/home/asheryuan/git-repo/otron/game-server/node_modules/pomelo/lib/application.js] [39m"user-server-1" startup in 858 ms
[2016-05-31 16:50:09.152] [INFO] pomelo - [32m[/home/asheryuan/git-repo/otron/game-server/node_modules/pomelo/lib/application.js] [39mapplication inited: "user-server-1"
[2016-05-31 16:50:09.935] [INFO] pomelo-admin - [32m[/home/asheryuan/git-repo/otron/game-server/node_modules/pomelo/node_modules/pomelo-admin/lib/consoleService.js] [39mtry to connect master: "user", "127.0.0.1", 3005
[2016-05-31 16:50:10.128] [INFO] pomelo - [32m[/home/asheryuan/git-repo/otron/game-server/node_modules/pomelo/lib/application.js] [39m"user-server-1" enter after start...
[2016-05-31 16:50:10.134] [INFO] pomelo - [32m[/home/asheryuan/git-repo/otron/game-server/node_modules/pomelo/lib/application.js] [39m"user-server-1" finish start
[2016-05-31 16:50:10.138] [INFO] pomelo - [32m[/home/asheryuan/git-repo/otron/game-server/node_modules/pomelo/lib/application.js] [39m"user-server-1" startup in 821 ms
[2016-06-01 10:17:52.386] [INFO] pomelo - [32m[/home/asheryuan/git-repo/otron/game-server/node_modules/pomelo/lib/application.js] [39mapplication inited: "user-server-1"
[2016-06-01 10:17:53.284] [INFO] pomelo-admin - [32m[/home/asheryuan/git-repo/otron/game-server/node_modules/pomelo/node_modules/pomelo-admin/lib/consoleService.js] [39mtry to connect master: "user", "127.0.0.1", 3005
[2016-06-01 10:17:53.415] [INFO] pomelo - [32m[/home/asheryuan/git-repo/otron/game-server/node_modules/pomelo/lib/application.js] [39m"user-server-1" enter after start...
[2016-06-01 10:17:53.419] [INFO] pomelo - [32m[/home/asheryuan/git-repo/otron/game-server/node_modules/pomelo/lib/application.js] [39m"user-server-1" finish start
[2016-06-01 10:17:53.420] [INFO] pomelo - [32m[/home/asheryuan/git-repo/otron/game-server/node_modules/pomelo/lib/application.js] [39m"user-server-1" startup in 887 ms
[2016-06-01 10:30:54.067] [INFO] pomelo - [32m[/home/asheryuan/git-repo/otron/game-server/node_modules/pomelo/lib/application.js] [39mapplication inited: "user-server-1"
[2016-06-01 10:30:54.789] [INFO] pomelo-admin - [32m[/home/asheryuan/git-repo/otron/game-server/node_modules/pomelo/node_modules/pomelo-admin/lib/consoleService.js] [39mtry to connect master: "user", "127.0.0.1", 3005
[2016-06-01 10:30:54.887] [INFO] pomelo - [32m[/home/asheryuan/git-repo/otron/game-server/node_modules/pomelo/lib/application.js] [39m"user-server-1" enter after start...
[2016-06-01 10:30:54.895] [INFO] pomelo - [32m[/home/asheryuan/git-repo/otron/game-server/node_modules/pomelo/lib/application.js] [39m"user-server-1" finish start
[2016-06-01 10:30:54.895] [INFO] pomelo - [32m[/home/asheryuan/git-repo/otron/game-server/node_modules/pomelo/lib/application.js] [39m"user-server-1" startup in 700 ms
[2016-06-01 10:34:25.216] [INFO] pomelo - [32m[/home/asheryuan/git-repo/otron/game-server/node_modules/pomelo/lib/application.js] [39mapplication inited: "user-server-1"
[2016-06-01 10:34:25.991] [INFO] pomelo-admin - [32m[/home/asheryuan/git-repo/otron/game-server/node_modules/pomelo/node_modules/pomelo-admin/lib/consoleService.js] [39mtry to connect master: "user", "127.0.0.1", 3005
[2016-06-01 10:34:26.101] [INFO] pomelo - [32m[/home/asheryuan/git-repo/otron/game-server/node_modules/pomelo/lib/application.js] [39m"user-server-1" enter after start...
[2016-06-01 10:34:26.109] [INFO] pomelo - [32m[/home/asheryuan/git-repo/otron/game-server/node_modules/pomelo/lib/application.js] [39m"user-server-1" finish start
[2016-06-01 10:34:26.116] [INFO] pomelo - [32m[/home/asheryuan/git-repo/otron/game-server/node_modules/pomelo/lib/application.js] [39m"user-server-1" startup in 757 ms
[2016-06-01 10:34:59.239] [WARN] pomelo - [33m[/home/asheryuan/git-repo/otron/game-server/node_modules/pomelo/lib/common/service/handlerService.js] [39mcould not find handler for routeRecord: {"route":"user.regAndLogHandler.updateUserInfo","serverType":"user","handler":"regAndLogHandler","method":"updateUserInfo"}
[2016-06-01 10:34:59.240] [ERROR] pomelo - [31m[/home/asheryuan/git-repo/otron/game-server/node_modules/pomelo/lib/common/service/handlerService.js] [39m[handleManager]: fail to find handler for "user.regAndLogHandler.updateUserInfo"
[2016-06-02 10:43:10.828] [INFO] pomelo - [32m[/home/asheryuan/git-repo/otron/game-server/node_modules/pomelo/lib/application.js] [39mapplication inited: "user-server-1"
[2016-06-02 10:43:11.647] [INFO] pomelo-admin - [32m[/home/asheryuan/git-repo/otron/game-server/node_modules/pomelo/node_modules/pomelo-admin/lib/consoleService.js] [39mtry to connect master: "user", "127.0.0.1", 3005
[2016-06-02 10:43:11.783] [INFO] pomelo - [32m[/home/asheryuan/git-repo/otron/game-server/node_modules/pomelo/lib/application.js] [39m"user-server-1" enter after start...
[2016-06-02 10:43:11.786] [INFO] pomelo - [32m[/home/asheryuan/git-repo/otron/game-server/node_modules/pomelo/lib/application.js] [39m"user-server-1" finish start
[2016-06-02 10:43:11.787] [INFO] pomelo - [32m[/home/asheryuan/git-repo/otron/game-server/node_modules/pomelo/lib/application.js] [39m"user-server-1" startup in 776 ms
[2016-06-02 10:43:29.166] [INFO] pomelo - [32m[/home/asheryuan/git-repo/otron/game-server/node_modules/pomelo/lib/application.js] [39mapplication inited: "user-server-1"
[2016-06-02 10:43:29.965] [INFO] pomelo-admin - [32m[/home/asheryuan/git-repo/otron/game-server/node_modules/pomelo/node_modules/pomelo-admin/lib/consoleService.js] [39mtry to connect master: "user", "127.0.0.1", 3005
[2016-06-02 10:43:30.079] [INFO] pomelo - [32m[/home/asheryuan/git-repo/otron/game-server/node_modules/pomelo/lib/application.js] [39m"user-server-1" enter after start...
[2016-06-02 10:43:30.082] [INFO] pomelo - [32m[/home/asheryuan/git-repo/otron/game-server/node_modules/pomelo/lib/application.js] [39m"user-server-1" finish start
[2016-06-02 10:43:30.083] [INFO] pomelo - [32m[/home/asheryuan/git-repo/otron/game-server/node_modules/pomelo/lib/application.js] [39m"user-server-1" startup in 751 ms
[2016-06-02 10:43:39.642] [INFO] pomelo - [32m[/home/asheryuan/git-repo/otron/game-server/node_modules/pomelo/lib/application.js] [39mapplication inited: "user-server-1"
[2016-06-02 10:43:40.398] [INFO] pomelo-admin - [32m[/home/asheryuan/git-repo/otron/game-server/node_modules/pomelo/node_modules/pomelo-admin/lib/consoleService.js] [39mtry to connect master: "user", "127.0.0.1", 3005
[2016-06-02 10:43:40.520] [INFO] pomelo - [32m[/home/asheryuan/git-repo/otron/game-server/node_modules/pomelo/lib/application.js] [39m"user-server-1" enter after start...
[2016-06-02 10:43:40.528] [INFO] pomelo - [32m[/home/asheryuan/git-repo/otron/game-server/node_modules/pomelo/lib/application.js] [39m"user-server-1" finish start
[2016-06-02 10:43:40.528] [INFO] pomelo - [32m[/home/asheryuan/git-repo/otron/game-server/node_modules/pomelo/lib/application.js] [39m"user-server-1" startup in 753 ms
[2016-06-02 12:32:35.697] [INFO] pomelo - [32m[/home/asheryuan/git-repo/otron/game-server/node_modules/pomelo/lib/application.js] [39mapplication inited: "user-server-1"
[2016-06-02 12:32:36.592] [INFO] pomelo-admin - [32m[/home/asheryuan/git-repo/otron/game-server/node_modules/pomelo/node_modules/pomelo-admin/lib/consoleService.js] [39mtry to connect master: "user", "127.0.0.1", 3005
[2016-06-02 12:32:36.749] [INFO] pomelo - [32m[/home/asheryuan/git-repo/otron/game-server/node_modules/pomelo/lib/application.js] [39m"user-server-1" enter after start...
[2016-06-02 12:32:36.755] [INFO] pomelo - [32m[/home/asheryuan/git-repo/otron/game-server/node_modules/pomelo/lib/application.js] [39m"user-server-1" finish start
[2016-06-02 12:32:36.757] [INFO] pomelo - [32m[/home/asheryuan/git-repo/otron/game-server/node_modules/pomelo/lib/application.js] [39m"user-server-1" startup in 892 ms
[2016-06-02 12:33:48.317] [INFO] pomelo - [32m[/home/asheryuan/git-repo/otron/game-server/node_modules/pomelo/lib/application.js] [39mapplication inited: "user-server-1"
[2016-06-02 12:33:49.209] [INFO] pomelo-admin - [32m[/home/asheryuan/git-repo/otron/game-server/node_modules/pomelo/node_modules/pomelo-admin/lib/consoleService.js] [39mtry to connect master: "user", "127.0.0.1", 3005
[2016-06-02 12:33:49.336] [INFO] pomelo - [32m[/home/asheryuan/git-repo/otron/game-server/node_modules/pomelo/lib/application.js] [39m"user-server-1" enter after start...
[2016-06-02 12:33:49.339] [INFO] pomelo - [32m[/home/asheryuan/git-repo/otron/game-server/node_modules/pomelo/lib/application.js] [39m"user-server-1" finish start
[2016-06-02 12:33:49.340] [INFO] pomelo - [32m[/home/asheryuan/git-repo/otron/game-server/node_modules/pomelo/lib/application.js] [39m"user-server-1" startup in 896 ms
[2016-06-02 12:41:08.314] [INFO] pomelo - [32m[/home/asheryuan/git-repo/otron/game-server/node_modules/pomelo/lib/application.js] [39mapplication inited: "user-server-1"
[2016-06-02 12:41:09.262] [INFO] pomelo-admin - [32m[/home/asheryuan/git-repo/otron/game-server/node_modules/pomelo/node_modules/pomelo-admin/lib/consoleService.js] [39mtry to connect master: "user", "127.0.0.1", 3005
[2016-06-02 12:41:09.415] [INFO] pomelo - [32m[/home/asheryuan/git-repo/otron/game-server/node_modules/pomelo/lib/application.js] [39m"user-server-1" enter after start...
[2016-06-02 12:41:09.423] [INFO] pomelo - [32m[/home/asheryuan/git-repo/otron/game-server/node_modules/pomelo/lib/application.js] [39m"user-server-1" finish start
[2016-06-02 12:41:09.423] [INFO] pomelo - [32m[/home/asheryuan/git-repo/otron/game-server/node_modules/pomelo/lib/application.js] [39m"user-server-1" startup in 902 ms
[2016-06-02 12:47:09.886] [INFO] pomelo - [32m[/home/asheryuan/git-repo/otron/game-server/node_modules/pomelo/lib/application.js] [39mapplication inited: "user-server-1"
[2016-06-02 12:47:10.736] [INFO] pomelo-admin - [32m[/home/asheryuan/git-repo/otron/game-server/node_modules/pomelo/node_modules/pomelo-admin/lib/consoleService.js] [39mtry to connect master: "user", "127.0.0.1", 3005
[2016-06-02 12:47:10.850] [INFO] pomelo - [32m[/home/asheryuan/git-repo/otron/game-server/node_modules/pomelo/lib/application.js] [39m"user-server-1" enter after start...
[2016-06-02 12:47:10.858] [INFO] pomelo - [32m[/home/asheryuan/git-repo/otron/game-server/node_modules/pomelo/lib/application.js] [39m"user-server-1" finish start
[2016-06-02 12:47:10.858] [INFO] pomelo - [32m[/home/asheryuan/git-repo/otron/game-server/node_modules/pomelo/lib/application.js] [39m"user-server-1" startup in 851 ms
[2016-06-02 12:48:15.015] [INFO] pomelo - [32m[/home/asheryuan/git-repo/otron/game-server/node_modules/pomelo/lib/application.js] [39mapplication inited: "user-server-1"
[2016-06-02 12:48:15.948] [INFO] pomelo-admin - [32m[/home/asheryuan/git-repo/otron/game-server/node_modules/pomelo/node_modules/pomelo-admin/lib/consoleService.js] [39mtry to connect master: "user", "127.0.0.1", 3005
[2016-06-02 12:48:16.091] [INFO] pomelo - [32m[/home/asheryuan/git-repo/otron/game-server/node_modules/pomelo/lib/application.js] [39m"user-server-1" enter after start...
[2016-06-02 12:48:16.094] [INFO] pomelo - [32m[/home/asheryuan/git-repo/otron/game-server/node_modules/pomelo/lib/application.js] [39m"user-server-1" finish start
[2016-06-02 12:48:16.096] [INFO] pomelo - [32m[/home/asheryuan/git-repo/otron/game-server/node_modules/pomelo/lib/application.js] [39m"user-server-1" startup in 888 ms
[2016-06-02 12:48:53.214] [INFO] pomelo - [32m[/home/asheryuan/git-repo/otron/game-server/node_modules/pomelo/lib/application.js] [39mapplication inited: "user-server-1"
[2016-06-02 12:48:54.010] [INFO] pomelo-admin - [32m[/home/asheryuan/git-repo/otron/game-server/node_modules/pomelo/node_modules/pomelo-admin/lib/consoleService.js] [39mtry to connect master: "user", "127.0.0.1", 3005
[2016-06-02 12:48:54.149] [INFO] pomelo - [32m[/home/asheryuan/git-repo/otron/game-server/node_modules/pomelo/lib/application.js] [39m"user-server-1" enter after start...
[2016-06-02 12:48:54.152] [INFO] pomelo - [32m[/home/asheryuan/git-repo/otron/game-server/node_modules/pomelo/lib/application.js] [39m"user-server-1" finish start
[2016-06-02 12:48:54.154] [INFO] pomelo - [32m[/home/asheryuan/git-repo/otron/game-server/node_modules/pomelo/lib/application.js] [39m"user-server-1" startup in 770 ms
[2016-06-02 12:49:33.800] [INFO] pomelo - [32m[/home/asheryuan/git-repo/otron/game-server/node_modules/pomelo/lib/application.js] [39mapplication inited: "user-server-1"
[2016-06-02 12:49:34.654] [INFO] pomelo-admin - [32m[/home/asheryuan/git-repo/otron/game-server/node_modules/pomelo/node_modules/pomelo-admin/lib/consoleService.js] [39mtry to connect master: "user", "127.0.0.1", 3005
[2016-06-02 12:49:34.766] [INFO] pomelo - [32m[/home/asheryuan/git-repo/otron/game-server/node_modules/pomelo/lib/application.js] [39m"user-server-1" enter after start...
[2016-06-02 12:49:34.774] [INFO] pomelo - [32m[/home/asheryuan/git-repo/otron/game-server/node_modules/pomelo/lib/application.js] [39m"user-server-1" finish start
[2016-06-02 12:49:34.779] [INFO] pomelo - [32m[/home/asheryuan/git-repo/otron/game-server/node_modules/pomelo/lib/application.js] [39m"user-server-1" startup in 846 ms
[2016-06-02 12:50:21.963] [INFO] pomelo - [32m[/home/asheryuan/git-repo/otron/game-server/node_modules/pomelo/lib/application.js] [39mapplication inited: "user-server-1"
[2016-06-02 12:50:22.881] [INFO] pomelo-admin - [32m[/home/asheryuan/git-repo/otron/game-server/node_modules/pomelo/node_modules/pomelo-admin/lib/consoleService.js] [39mtry to connect master: "user", "127.0.0.1", 3005
[2016-06-02 12:50:23.048] [INFO] pomelo - [32m[/home/asheryuan/git-repo/otron/game-server/node_modules/pomelo/lib/application.js] [39m"user-server-1" enter after start...
[2016-06-02 12:50:23.052] [INFO] pomelo - [32m[/home/asheryuan/git-repo/otron/game-server/node_modules/pomelo/lib/application.js] [39m"user-server-1" finish start
[2016-06-02 12:50:23.052] [INFO] pomelo - [32m[/home/asheryuan/git-repo/otron/game-server/node_modules/pomelo/lib/application.js] [39m"user-server-1" startup in 920 ms
[2016-06-02 12:52:40.748] [INFO] pomelo - [32m[/home/asheryuan/git-repo/otron/game-server/node_modules/pomelo/lib/application.js] [39mapplication inited: "user-server-1"
[2016-06-02 12:52:41.488] [INFO] pomelo-admin - [32m[/home/asheryuan/git-repo/otron/game-server/node_modules/pomelo/node_modules/pomelo-admin/lib/consoleService.js] [39mtry to connect master: "user", "127.0.0.1", 3005
[2016-06-02 12:52:41.675] [INFO] pomelo - [32m[/home/asheryuan/git-repo/otron/game-server/node_modules/pomelo/lib/application.js] [39m"user-server-1" enter after start...
[2016-06-02 12:52:41.678] [INFO] pomelo - [32m[/home/asheryuan/git-repo/otron/game-server/node_modules/pomelo/lib/application.js] [39m"user-server-1" finish start
[2016-06-02 12:52:41.678] [INFO] pomelo - [32m[/home/asheryuan/git-repo/otron/game-server/node_modules/pomelo/lib/application.js] [39m"user-server-1" startup in 786 ms
