[2016-05-31 15:38:34.477] [INFO] pomelo - [32m[/home/asheryuan/git-repo/otron/game-server/node_modules/pomelo/lib/application.js] [39mapplication inited: "user-server-remote-1"
[2016-05-31 15:38:35.678] [INFO] pomelo-admin - [32m[/home/asheryuan/git-repo/otron/game-server/node_modules/pomelo/node_modules/pomelo-admin/lib/consoleService.js] [39mtry to connect master: "user", "127.0.0.1", 3005
[2016-05-31 15:38:35.804] [INFO] pomelo - [32m[/home/asheryuan/git-repo/otron/game-server/node_modules/pomelo/lib/application.js] [39m"user-server-remote-1" enter after start...
[2016-05-31 15:38:35.809] [INFO] pomelo - [32m[/home/asheryuan/git-repo/otron/game-server/node_modules/pomelo/lib/application.js] [39m"user-server-remote-1" finish start
[2016-05-31 15:38:35.809] [INFO] pomelo - [32m[/home/asheryuan/git-repo/otron/game-server/node_modules/pomelo/lib/application.js] [39m"user-server-remote-1" startup in 1163 ms
[2016-05-31 15:38:47.851] [INFO] pomelo - [32m[/home/asheryuan/git-repo/otron/game-server/node_modules/pomelo/lib/application.js] [39mapplication inited: "user-server-remote-1"
[2016-05-31 15:38:48.951] [INFO] pomelo-admin - [32m[/home/asheryuan/git-repo/otron/game-server/node_modules/pomelo/node_modules/pomelo-admin/lib/consoleService.js] [39mtry to connect master: "user", "127.0.0.1", 3005
[2016-05-31 15:38:49.069] [INFO] pomelo - [32m[/home/asheryuan/git-repo/otron/game-server/node_modules/pomelo/lib/application.js] [39m"user-server-remote-1" enter after start...
[2016-05-31 15:38:49.072] [INFO] pomelo - [32m[/home/asheryuan/git-repo/otron/game-server/node_modules/pomelo/lib/application.js] [39m"user-server-remote-1" finish start
[2016-05-31 15:38:49.081] [INFO] pomelo - [32m[/home/asheryuan/git-repo/otron/game-server/node_modules/pomelo/lib/application.js] [39m"user-server-remote-1" startup in 1002 ms
[2016-05-31 15:43:37.646] [INFO] pomelo - [32m[/home/asheryuan/git-repo/otron/game-server/node_modules/pomelo/lib/application.js] [39mapplication inited: "user-server-remote-1"
[2016-05-31 15:43:38.556] [INFO] pomelo-admin - [32m[/home/asheryuan/git-repo/otron/game-server/node_modules/pomelo/node_modules/pomelo-admin/lib/consoleService.js] [39mtry to connect master: "user", "127.0.0.1", 3005
[2016-05-31 15:43:38.663] [INFO] pomelo - [32m[/home/asheryuan/git-repo/otron/game-server/node_modules/pomelo/lib/application.js] [39m"user-server-remote-1" enter after start...
[2016-05-31 15:43:38.664] [INFO] pomelo - [32m[/home/asheryuan/git-repo/otron/game-server/node_modules/pomelo/lib/application.js] [39m"user-server-remote-1" finish start
[2016-05-31 15:43:38.667] [INFO] pomelo - [32m[/home/asheryuan/git-repo/otron/game-server/node_modules/pomelo/lib/application.js] [39m"user-server-remote-1" startup in 856 ms
[2016-05-31 15:48:45.745] [INFO] pomelo - [32m[/home/asheryuan/git-repo/otron/game-server/node_modules/pomelo/lib/application.js] [39mapplication inited: "user-server-remote-1"
[2016-05-31 15:48:46.559] [INFO] pomelo-admin - [32m[/home/asheryuan/git-repo/otron/game-server/node_modules/pomelo/node_modules/pomelo-admin/lib/consoleService.js] [39mtry to connect master: "user", "127.0.0.1", 3005
[2016-05-31 15:48:46.683] [INFO] pomelo - [32m[/home/asheryuan/git-repo/otron/game-server/node_modules/pomelo/lib/application.js] [39m"user-server-remote-1" enter after start...
[2016-05-31 15:48:46.689] [INFO] pomelo - [32m[/home/asheryuan/git-repo/otron/game-server/node_modules/pomelo/lib/application.js] [39m"user-server-remote-1" finish start
[2016-05-31 15:48:46.689] [INFO] pomelo - [32m[/home/asheryuan/git-repo/otron/game-server/node_modules/pomelo/lib/application.js] [39m"user-server-remote-1" startup in 790 ms
[2016-05-31 15:49:10.133] [INFO] pomelo - [32m[/home/asheryuan/git-repo/otron/game-server/node_modules/pomelo/lib/application.js] [39mapplication inited: "user-server-remote-1"
[2016-05-31 15:49:11.031] [INFO] pomelo-admin - [32m[/home/asheryuan/git-repo/otron/game-server/node_modules/pomelo/node_modules/pomelo-admin/lib/consoleService.js] [39mtry to connect master: "user", "127.0.0.1", 3005
[2016-05-31 15:49:11.136] [INFO] pomelo - [32m[/home/asheryuan/git-repo/otron/game-server/node_modules/pomelo/lib/application.js] [39m"user-server-remote-1" enter after start...
[2016-05-31 15:49:11.145] [INFO] pomelo - [32m[/home/asheryuan/git-repo/otron/game-server/node_modules/pomelo/lib/application.js] [39m"user-server-remote-1" finish start
[2016-05-31 15:49:11.145] [INFO] pomelo - [32m[/home/asheryuan/git-repo/otron/game-server/node_modules/pomelo/lib/application.js] [39m"user-server-remote-1" startup in 877 ms
[2016-05-31 15:51:19.026] [INFO] pomelo - [32m[/home/asheryuan/git-repo/otron/game-server/node_modules/pomelo/lib/application.js] [39mapplication inited: "user-server-remote-1"
[2016-05-31 15:51:19.925] [INFO] pomelo-admin - [32m[/home/asheryuan/git-repo/otron/game-server/node_modules/pomelo/node_modules/pomelo-admin/lib/consoleService.js] [39mtry to connect master: "user", "127.0.0.1", 3005
[2016-05-31 15:51:20.055] [INFO] pomelo - [32m[/home/asheryuan/git-repo/otron/game-server/node_modules/pomelo/lib/application.js] [39m"user-server-remote-1" enter after start...
[2016-05-31 15:51:20.063] [INFO] pomelo - [32m[/home/asheryuan/git-repo/otron/game-server/node_modules/pomelo/lib/application.js] [39m"user-server-remote-1" finish start
[2016-05-31 15:51:20.064] [INFO] pomelo - [32m[/home/asheryuan/git-repo/otron/game-server/node_modules/pomelo/lib/application.js] [39m"user-server-remote-1" startup in 909 ms
[2016-05-31 15:57:27.388] [INFO] pomelo - [32m[/home/asheryuan/git-repo/otron/game-server/node_modules/pomelo/lib/application.js] [39mapplication inited: "user-server-remote-1"
[2016-05-31 15:58:45.660] [INFO] pomelo - [32m[/home/asheryuan/git-repo/otron/game-server/node_modules/pomelo/lib/application.js] [39mapplication inited: "user-server-remote-1"
[2016-05-31 15:59:19.635] [INFO] pomelo - [32m[/home/asheryuan/git-repo/otron/game-server/node_modules/pomelo/lib/application.js] [39mapplication inited: "user-server-remote-1"
[2016-05-31 15:59:20.615] [INFO] pomelo-admin - [32m[/home/asheryuan/git-repo/otron/game-server/node_modules/pomelo/node_modules/pomelo-admin/lib/consoleService.js] [39mtry to connect master: "user", "127.0.0.1", 3005
[2016-05-31 15:59:20.759] [INFO] pomelo - [32m[/home/asheryuan/git-repo/otron/game-server/node_modules/pomelo/lib/application.js] [39m"user-server-remote-1" enter after start...
[2016-05-31 15:59:20.764] [INFO] pomelo - [32m[/home/asheryuan/git-repo/otron/game-server/node_modules/pomelo/lib/application.js] [39m"user-server-remote-1" finish start
[2016-05-31 15:59:20.764] [INFO] pomelo - [32m[/home/asheryuan/git-repo/otron/game-server/node_modules/pomelo/lib/application.js] [39m"user-server-remote-1" startup in 932 ms
[2016-05-31 16:00:35.439] [INFO] pomelo - [32m[/home/asheryuan/git-repo/otron/game-server/node_modules/pomelo/lib/application.js] [39mapplication inited: "user-server-remote-1"
[2016-05-31 16:00:36.322] [INFO] pomelo-admin - [32m[/home/asheryuan/git-repo/otron/game-server/node_modules/pomelo/node_modules/pomelo-admin/lib/consoleService.js] [39mtry to connect master: "user", "127.0.0.1", 3005
[2016-05-31 16:00:36.420] [INFO] pomelo - [32m[/home/asheryuan/git-repo/otron/game-server/node_modules/pomelo/lib/application.js] [39m"user-server-remote-1" enter after start...
[2016-05-31 16:00:36.436] [INFO] pomelo - [32m[/home/asheryuan/git-repo/otron/game-server/node_modules/pomelo/lib/application.js] [39m"user-server-remote-1" finish start
[2016-05-31 16:00:36.443] [INFO] pomelo - [32m[/home/asheryuan/git-repo/otron/game-server/node_modules/pomelo/lib/application.js] [39m"user-server-remote-1" startup in 867 ms
[2016-05-31 16:40:58.945] [INFO] pomelo - [32m[/home/asheryuan/git-repo/otron/game-server/node_modules/pomelo/lib/application.js] [39mapplication inited: "user-server-remote-1"
[2016-05-31 16:40:59.802] [INFO] pomelo-admin - [32m[/home/asheryuan/git-repo/otron/game-server/node_modules/pomelo/node_modules/pomelo-admin/lib/consoleService.js] [39mtry to connect master: "user", "127.0.0.1", 3005
[2016-05-31 16:40:59.877] [INFO] pomelo - [32m[/home/asheryuan/git-repo/otron/game-server/node_modules/pomelo/lib/application.js] [39m"user-server-remote-1" enter after start...
[2016-05-31 16:40:59.878] [INFO] pomelo - [32m[/home/asheryuan/git-repo/otron/game-server/node_modules/pomelo/lib/application.js] [39m"user-server-remote-1" finish start
[2016-05-31 16:40:59.879] [INFO] pomelo - [32m[/home/asheryuan/git-repo/otron/game-server/node_modules/pomelo/lib/application.js] [39m"user-server-remote-1" startup in 729 ms
[2016-05-31 16:44:15.809] [INFO] pomelo - [32m[/home/asheryuan/git-repo/otron/game-server/node_modules/pomelo/lib/application.js] [39mapplication inited: "user-server-remote-1"
[2016-05-31 16:44:16.707] [INFO] pomelo-admin - [32m[/home/asheryuan/git-repo/otron/game-server/node_modules/pomelo/node_modules/pomelo-admin/lib/consoleService.js] [39mtry to connect master: "user", "127.0.0.1", 3005
[2016-05-31 16:44:16.784] [INFO] pomelo - [32m[/home/asheryuan/git-repo/otron/game-server/node_modules/pomelo/lib/application.js] [39m"user-server-remote-1" enter after start...
[2016-05-31 16:44:16.792] [INFO] pomelo - [32m[/home/asheryuan/git-repo/otron/game-server/node_modules/pomelo/lib/application.js] [39m"user-server-remote-1" finish start
[2016-05-31 16:44:16.792] [INFO] pomelo - [32m[/home/asheryuan/git-repo/otron/game-server/node_modules/pomelo/lib/application.js] [39m"user-server-remote-1" startup in 841 ms
[2016-05-31 16:45:43.082] [INFO] pomelo - [32m[/home/asheryuan/git-repo/otron/game-server/node_modules/pomelo/lib/application.js] [39mapplication inited: "user-server-remote-1"
[2016-05-31 16:45:43.852] [INFO] pomelo-admin - [32m[/home/asheryuan/git-repo/otron/game-server/node_modules/pomelo/node_modules/pomelo-admin/lib/consoleService.js] [39mtry to connect master: "user", "127.0.0.1", 3005
[2016-05-31 16:45:43.917] [INFO] pomelo - [32m[/home/asheryuan/git-repo/otron/game-server/node_modules/pomelo/lib/application.js] [39m"user-server-remote-1" enter after start...
[2016-05-31 16:45:43.918] [INFO] pomelo - [32m[/home/asheryuan/git-repo/otron/game-server/node_modules/pomelo/lib/application.js] [39m"user-server-remote-1" finish start
[2016-05-31 16:45:43.919] [INFO] pomelo - [32m[/home/asheryuan/git-repo/otron/game-server/node_modules/pomelo/lib/application.js] [39m"user-server-remote-1" startup in 655 ms
[2016-05-31 16:50:03.106] [INFO] pomelo - [32m[/home/asheryuan/git-repo/otron/game-server/node_modules/pomelo/lib/application.js] [39mapplication inited: "user-server-remote-1"
[2016-05-31 16:50:03.937] [INFO] pomelo-admin - [32m[/home/asheryuan/git-repo/otron/game-server/node_modules/pomelo/node_modules/pomelo-admin/lib/consoleService.js] [39mtry to connect master: "user", "127.0.0.1", 3005
[2016-05-31 16:50:04.062] [INFO] pomelo - [32m[/home/asheryuan/git-repo/otron/game-server/node_modules/pomelo/lib/application.js] [39m"user-server-remote-1" enter after start...
[2016-05-31 16:50:04.065] [INFO] pomelo - [32m[/home/asheryuan/git-repo/otron/game-server/node_modules/pomelo/lib/application.js] [39m"user-server-remote-1" finish start
[2016-05-31 16:50:04.065] [INFO] pomelo - [32m[/home/asheryuan/git-repo/otron/game-server/node_modules/pomelo/lib/application.js] [39m"user-server-remote-1" startup in 843 ms
[2016-05-31 16:50:09.098] [INFO] pomelo - [32m[/home/asheryuan/git-repo/otron/game-server/node_modules/pomelo/lib/application.js] [39mapplication inited: "user-server-remote-1"
[2016-05-31 16:50:09.890] [INFO] pomelo-admin - [32m[/home/asheryuan/git-repo/otron/game-server/node_modules/pomelo/node_modules/pomelo-admin/lib/consoleService.js] [39mtry to connect master: "user", "127.0.0.1", 3005
[2016-05-31 16:50:09.975] [INFO] pomelo - [32m[/home/asheryuan/git-repo/otron/game-server/node_modules/pomelo/lib/application.js] [39m"user-server-remote-1" enter after start...
[2016-05-31 16:50:10.000] [INFO] pomelo - [32m[/home/asheryuan/git-repo/otron/game-server/node_modules/pomelo/lib/application.js] [39m"user-server-remote-1" finish start
[2016-05-31 16:50:10.000] [INFO] pomelo - [32m[/home/asheryuan/git-repo/otron/game-server/node_modules/pomelo/lib/application.js] [39m"user-server-remote-1" startup in 768 ms
[2016-06-01 10:17:52.349] [INFO] pomelo - [32m[/home/asheryuan/git-repo/otron/game-server/node_modules/pomelo/lib/application.js] [39mapplication inited: "user-server-remote-1"
[2016-06-01 10:17:53.284] [INFO] pomelo-admin - [32m[/home/asheryuan/git-repo/otron/game-server/node_modules/pomelo/node_modules/pomelo-admin/lib/consoleService.js] [39mtry to connect master: "user", "127.0.0.1", 3005
[2016-06-01 10:17:53.389] [INFO] pomelo - [32m[/home/asheryuan/git-repo/otron/game-server/node_modules/pomelo/lib/application.js] [39m"user-server-remote-1" enter after start...
[2016-06-01 10:17:53.396] [INFO] pomelo - [32m[/home/asheryuan/git-repo/otron/game-server/node_modules/pomelo/lib/application.js] [39m"user-server-remote-1" finish start
[2016-06-01 10:17:53.397] [INFO] pomelo - [32m[/home/asheryuan/git-repo/otron/game-server/node_modules/pomelo/lib/application.js] [39m"user-server-remote-1" startup in 876 ms
[2016-06-01 10:30:54.011] [INFO] pomelo - [32m[/home/asheryuan/git-repo/otron/game-server/node_modules/pomelo/lib/application.js] [39mapplication inited: "user-server-remote-1"
[2016-06-01 10:30:54.848] [INFO] pomelo-admin - [32m[/home/asheryuan/git-repo/otron/game-server/node_modules/pomelo/node_modules/pomelo-admin/lib/consoleService.js] [39mtry to connect master: "user", "127.0.0.1", 3005
[2016-06-01 10:30:54.988] [INFO] pomelo - [32m[/home/asheryuan/git-repo/otron/game-server/node_modules/pomelo/lib/application.js] [39m"user-server-remote-1" enter after start...
[2016-06-01 10:30:54.999] [INFO] pomelo - [32m[/home/asheryuan/git-repo/otron/game-server/node_modules/pomelo/lib/application.js] [39m"user-server-remote-1" finish start
[2016-06-01 10:30:54.999] [INFO] pomelo - [32m[/home/asheryuan/git-repo/otron/game-server/node_modules/pomelo/lib/application.js] [39m"user-server-remote-1" startup in 793 ms
[2016-06-01 10:34:25.183] [INFO] pomelo - [32m[/home/asheryuan/git-repo/otron/game-server/node_modules/pomelo/lib/application.js] [39mapplication inited: "user-server-remote-1"
[2016-06-01 10:34:25.981] [INFO] pomelo-admin - [32m[/home/asheryuan/git-repo/otron/game-server/node_modules/pomelo/node_modules/pomelo-admin/lib/consoleService.js] [39mtry to connect master: "user", "127.0.0.1", 3005
[2016-06-01 10:34:26.087] [INFO] pomelo - [32m[/home/asheryuan/git-repo/otron/game-server/node_modules/pomelo/lib/application.js] [39m"user-server-remote-1" enter after start...
[2016-06-01 10:34:26.088] [INFO] pomelo - [32m[/home/asheryuan/git-repo/otron/game-server/node_modules/pomelo/lib/application.js] [39m"user-server-remote-1" finish start
[2016-06-01 10:34:26.089] [INFO] pomelo - [32m[/home/asheryuan/git-repo/otron/game-server/node_modules/pomelo/lib/application.js] [39m"user-server-remote-1" startup in 743 ms
[2016-06-02 10:43:10.717] [INFO] pomelo - [32m[/home/asheryuan/git-repo/otron/game-server/node_modules/pomelo/lib/application.js] [39mapplication inited: "user-server-remote-1"
[2016-06-02 10:43:11.648] [INFO] pomelo-admin - [32m[/home/asheryuan/git-repo/otron/game-server/node_modules/pomelo/node_modules/pomelo-admin/lib/consoleService.js] [39mtry to connect master: "user", "127.0.0.1", 3005
[2016-06-02 10:43:11.725] [INFO] pomelo - [32m[/home/asheryuan/git-repo/otron/game-server/node_modules/pomelo/lib/application.js] [39m"user-server-remote-1" enter after start...
[2016-06-02 10:43:11.730] [INFO] pomelo - [32m[/home/asheryuan/git-repo/otron/game-server/node_modules/pomelo/lib/application.js] [39m"user-server-remote-1" finish start
[2016-06-02 10:43:11.730] [INFO] pomelo - [32m[/home/asheryuan/git-repo/otron/game-server/node_modules/pomelo/lib/application.js] [39m"user-server-remote-1" startup in 880 ms
[2016-06-02 10:43:29.154] [INFO] pomelo - [32m[/home/asheryuan/git-repo/otron/game-server/node_modules/pomelo/lib/application.js] [39mapplication inited: "user-server-remote-1"
[2016-06-02 10:43:30.002] [INFO] pomelo-admin - [32m[/home/asheryuan/git-repo/otron/game-server/node_modules/pomelo/node_modules/pomelo-admin/lib/consoleService.js] [39mtry to connect master: "user", "127.0.0.1", 3005
[2016-06-02 10:43:30.101] [INFO] pomelo - [32m[/home/asheryuan/git-repo/otron/game-server/node_modules/pomelo/lib/application.js] [39m"user-server-remote-1" enter after start...
[2016-06-02 10:43:30.104] [INFO] pomelo - [32m[/home/asheryuan/git-repo/otron/game-server/node_modules/pomelo/lib/application.js] [39m"user-server-remote-1" finish start
[2016-06-02 10:43:30.104] [INFO] pomelo - [32m[/home/asheryuan/git-repo/otron/game-server/node_modules/pomelo/lib/application.js] [39m"user-server-remote-1" startup in 748 ms
[2016-06-02 10:43:39.473] [INFO] pomelo - [32m[/home/asheryuan/git-repo/otron/game-server/node_modules/pomelo/lib/application.js] [39mapplication inited: "user-server-remote-1"
[2016-06-02 10:43:40.388] [INFO] pomelo-admin - [32m[/home/asheryuan/git-repo/otron/game-server/node_modules/pomelo/node_modules/pomelo-admin/lib/consoleService.js] [39mtry to connect master: "user", "127.0.0.1", 3005
[2016-06-02 10:43:40.474] [INFO] pomelo - [32m[/home/asheryuan/git-repo/otron/game-server/node_modules/pomelo/lib/application.js] [39m"user-server-remote-1" enter after start...
[2016-06-02 10:43:40.486] [INFO] pomelo - [32m[/home/asheryuan/git-repo/otron/game-server/node_modules/pomelo/lib/application.js] [39m"user-server-remote-1" finish start
[2016-06-02 10:43:40.491] [INFO] pomelo - [32m[/home/asheryuan/git-repo/otron/game-server/node_modules/pomelo/lib/application.js] [39m"user-server-remote-1" startup in 880 ms
[2016-06-02 12:32:35.587] [INFO] pomelo - [32m[/home/asheryuan/git-repo/otron/game-server/node_modules/pomelo/lib/application.js] [39mapplication inited: "user-server-remote-1"
[2016-06-02 12:32:36.427] [INFO] pomelo-admin - [32m[/home/asheryuan/git-repo/otron/game-server/node_modules/pomelo/node_modules/pomelo-admin/lib/consoleService.js] [39mtry to connect master: "user", "127.0.0.1", 3005
[2016-06-02 12:32:36.520] [INFO] pomelo - [32m[/home/asheryuan/git-repo/otron/game-server/node_modules/pomelo/lib/application.js] [39m"user-server-remote-1" enter after start...
[2016-06-02 12:32:36.536] [INFO] pomelo - [32m[/home/asheryuan/git-repo/otron/game-server/node_modules/pomelo/lib/application.js] [39m"user-server-remote-1" finish start
[2016-06-02 12:32:36.536] [INFO] pomelo - [32m[/home/asheryuan/git-repo/otron/game-server/node_modules/pomelo/lib/application.js] [39m"user-server-remote-1" startup in 867 ms
[2016-06-02 12:33:48.384] [INFO] pomelo - [32m[/home/asheryuan/git-repo/otron/game-server/node_modules/pomelo/lib/application.js] [39mapplication inited: "user-server-remote-1"
[2016-06-02 12:33:49.259] [INFO] pomelo-admin - [32m[/home/asheryuan/git-repo/otron/game-server/node_modules/pomelo/node_modules/pomelo-admin/lib/consoleService.js] [39mtry to connect master: "user", "127.0.0.1", 3005
[2016-06-02 12:33:49.366] [INFO] pomelo - [32m[/home/asheryuan/git-repo/otron/game-server/node_modules/pomelo/lib/application.js] [39m"user-server-remote-1" enter after start...
[2016-06-02 12:33:49.372] [INFO] pomelo - [32m[/home/asheryuan/git-repo/otron/game-server/node_modules/pomelo/lib/application.js] [39m"user-server-remote-1" finish start
[2016-06-02 12:33:49.374] [INFO] pomelo - [32m[/home/asheryuan/git-repo/otron/game-server/node_modules/pomelo/lib/application.js] [39m"user-server-remote-1" startup in 786 ms
[2016-06-02 12:41:08.208] [INFO] pomelo - [32m[/home/asheryuan/git-repo/otron/game-server/node_modules/pomelo/lib/application.js] [39mapplication inited: "user-server-remote-1"
[2016-06-02 12:41:08.990] [INFO] pomelo-admin - [32m[/home/asheryuan/git-repo/otron/game-server/node_modules/pomelo/node_modules/pomelo-admin/lib/consoleService.js] [39mtry to connect master: "user", "127.0.0.1", 3005
[2016-06-02 12:41:09.085] [INFO] pomelo - [32m[/home/asheryuan/git-repo/otron/game-server/node_modules/pomelo/lib/application.js] [39m"user-server-remote-1" enter after start...
[2016-06-02 12:41:09.087] [INFO] pomelo - [32m[/home/asheryuan/git-repo/otron/game-server/node_modules/pomelo/lib/application.js] [39m"user-server-remote-1" finish start
[2016-06-02 12:41:09.087] [INFO] pomelo - [32m[/home/asheryuan/git-repo/otron/game-server/node_modules/pomelo/lib/application.js] [39m"user-server-remote-1" startup in 729 ms
[2016-06-02 12:47:09.868] [INFO] pomelo - [32m[/home/asheryuan/git-repo/otron/game-server/node_modules/pomelo/lib/application.js] [39mapplication inited: "user-server-remote-1"
[2016-06-02 12:47:10.745] [INFO] pomelo-admin - [32m[/home/asheryuan/git-repo/otron/game-server/node_modules/pomelo/node_modules/pomelo-admin/lib/consoleService.js] [39mtry to connect master: "user", "127.0.0.1", 3005
[2016-06-02 12:47:10.826] [INFO] pomelo - [32m[/home/asheryuan/git-repo/otron/game-server/node_modules/pomelo/lib/application.js] [39m"user-server-remote-1" enter after start...
[2016-06-02 12:47:10.831] [INFO] pomelo - [32m[/home/asheryuan/git-repo/otron/game-server/node_modules/pomelo/lib/application.js] [39m"user-server-remote-1" finish start
[2016-06-02 12:47:10.831] [INFO] pomelo - [32m[/home/asheryuan/git-repo/otron/game-server/node_modules/pomelo/lib/application.js] [39m"user-server-remote-1" startup in 749 ms
[2016-06-02 12:48:15.068] [INFO] pomelo - [32m[/home/asheryuan/git-repo/otron/game-server/node_modules/pomelo/lib/application.js] [39mapplication inited: "user-server-remote-1"
[2016-06-02 12:48:15.922] [INFO] pomelo-admin - [32m[/home/asheryuan/git-repo/otron/game-server/node_modules/pomelo/node_modules/pomelo-admin/lib/consoleService.js] [39mtry to connect master: "user", "127.0.0.1", 3005
[2016-06-02 12:48:16.044] [INFO] pomelo - [32m[/home/asheryuan/git-repo/otron/game-server/node_modules/pomelo/lib/application.js] [39m"user-server-remote-1" enter after start...
[2016-06-02 12:48:16.047] [INFO] pomelo - [32m[/home/asheryuan/git-repo/otron/game-server/node_modules/pomelo/lib/application.js] [39m"user-server-remote-1" finish start
[2016-06-02 12:48:16.047] [INFO] pomelo - [32m[/home/asheryuan/git-repo/otron/game-server/node_modules/pomelo/lib/application.js] [39m"user-server-remote-1" startup in 833 ms
[2016-06-02 12:48:53.177] [INFO] pomelo - [32m[/home/asheryuan/git-repo/otron/game-server/node_modules/pomelo/lib/application.js] [39mapplication inited: "user-server-remote-1"
[2016-06-02 12:48:53.971] [INFO] pomelo-admin - [32m[/home/asheryuan/git-repo/otron/game-server/node_modules/pomelo/node_modules/pomelo-admin/lib/consoleService.js] [39mtry to connect master: "user", "127.0.0.1", 3005
[2016-06-02 12:48:54.075] [INFO] pomelo - [32m[/home/asheryuan/git-repo/otron/game-server/node_modules/pomelo/lib/application.js] [39m"user-server-remote-1" enter after start...
[2016-06-02 12:48:54.079] [INFO] pomelo - [32m[/home/asheryuan/git-repo/otron/game-server/node_modules/pomelo/lib/application.js] [39m"user-server-remote-1" finish start
[2016-06-02 12:48:54.080] [INFO] pomelo - [32m[/home/asheryuan/git-repo/otron/game-server/node_modules/pomelo/lib/application.js] [39m"user-server-remote-1" startup in 749 ms
[2016-06-02 12:49:33.640] [INFO] pomelo - [32m[/home/asheryuan/git-repo/otron/game-server/node_modules/pomelo/lib/application.js] [39mapplication inited: "user-server-remote-1"
[2016-06-02 12:49:34.566] [INFO] pomelo-admin - [32m[/home/asheryuan/git-repo/otron/game-server/node_modules/pomelo/node_modules/pomelo-admin/lib/consoleService.js] [39mtry to connect master: "user", "127.0.0.1", 3005
[2016-06-02 12:49:34.684] [INFO] pomelo - [32m[/home/asheryuan/git-repo/otron/game-server/node_modules/pomelo/lib/application.js] [39m"user-server-remote-1" enter after start...
[2016-06-02 12:49:34.686] [INFO] pomelo - [32m[/home/asheryuan/git-repo/otron/game-server/node_modules/pomelo/lib/application.js] [39m"user-server-remote-1" finish start
[2016-06-02 12:49:34.691] [INFO] pomelo - [32m[/home/asheryuan/git-repo/otron/game-server/node_modules/pomelo/lib/application.js] [39m"user-server-remote-1" startup in 923 ms
[2016-06-02 12:50:21.725] [INFO] pomelo - [32m[/home/asheryuan/git-repo/otron/game-server/node_modules/pomelo/lib/application.js] [39mapplication inited: "user-server-remote-1"
[2016-06-02 12:50:22.651] [INFO] pomelo-admin - [32m[/home/asheryuan/git-repo/otron/game-server/node_modules/pomelo/node_modules/pomelo-admin/lib/consoleService.js] [39mtry to connect master: "user", "127.0.0.1", 3005
[2016-06-02 12:50:22.735] [INFO] pomelo - [32m[/home/asheryuan/git-repo/otron/game-server/node_modules/pomelo/lib/application.js] [39m"user-server-remote-1" enter after start...
[2016-06-02 12:50:22.737] [INFO] pomelo - [32m[/home/asheryuan/git-repo/otron/game-server/node_modules/pomelo/lib/application.js] [39m"user-server-remote-1" finish start
[2016-06-02 12:50:22.737] [INFO] pomelo - [32m[/home/asheryuan/git-repo/otron/game-server/node_modules/pomelo/lib/application.js] [39m"user-server-remote-1" startup in 805 ms
[2016-06-02 12:52:40.561] [INFO] pomelo - [32m[/home/asheryuan/git-repo/otron/game-server/node_modules/pomelo/lib/application.js] [39mapplication inited: "user-server-remote-1"
[2016-06-02 12:52:41.447] [INFO] pomelo-admin - [32m[/home/asheryuan/git-repo/otron/game-server/node_modules/pomelo/node_modules/pomelo-admin/lib/consoleService.js] [39mtry to connect master: "user", "127.0.0.1", 3005
[2016-06-02 12:52:41.524] [INFO] pomelo - [32m[/home/asheryuan/git-repo/otron/game-server/node_modules/pomelo/lib/application.js] [39m"user-server-remote-1" enter after start...
[2016-06-02 12:52:41.533] [INFO] pomelo - [32m[/home/asheryuan/git-repo/otron/game-server/node_modules/pomelo/lib/application.js] [39m"user-server-remote-1" finish start
[2016-06-02 12:52:41.534] [INFO] pomelo - [32m[/home/asheryuan/git-repo/otron/game-server/node_modules/pomelo/lib/application.js] [39m"user-server-remote-1" startup in 750 ms
